started  9090
connection
Expecting property name enclosed in double quotes: line 1 column 2 (char 1)
connection
Extra data: line 1 column 83 (char 82)
Extra data: line 1 column 81 (char 80)
Extra data: line 1 column 81 (char 80)
Extra data: line 1 column 80 (char 79)
Extra data: line 1 column 82 (char 81)
Extra data: line 1 column 82 (char 81)
Extra data: line 1 column 82 (char 81)
Extra data: line 1 column 82 (char 81)
Extra data: line 1 column 83 (char 82)
Extra data: line 1 column 82 (char 81)
chat
Extra data: line 1 column 81 (char 80)
Extra data: line 1 column 81 (char 80)
Extra data: line 1 column 82 (char 81)
Extra data: line 1 column 13 (char 12)
Expecting value: line 1 column 1 (char 0)
Extra data: line 1 column 82 (char 81)
Expecting value: line 1 column 1 (char 0)
Extra data: line 1 column 9 (char 8)
Extra data: line 1 column 82 (char 81)
Extra data: line 1 column 82 (char 81)
Extra data: line 1 column 81 (char 80)
Extra data: line 1 column 81 (char 80)
Extra data: line 1 column 82 (char 81)
Extra data: line 1 column 81 (char 80)
Extra data: line 1 column 83 (char 82)
Extra data: line 1 column 82 (char 81)
Extra data: line 1 column 83 (char 82)
Extra data: line 1 column 82 (char 81)
Extra data: line 1 column 82 (char 81)
Extra data: line 1 column 83 (char 82)
Extra data: line 1 column 82 (char 81)
Extra data: line 1 column 83 (char 82)
Extra data: line 1 column 83 (char 82)
Extra data: line 1 column 83 (char 82)
Extra data: line 1 column 83 (char 82)
Extra data: line 1 column 81 (char 80)
Extra data: line 1 column 82 (char 81)
Extra data: line 1 column 82 (char 81)
Extra data: line 1 column 82 (char 81)
Extra data: line 1 column 83 (char 82)
Extra data: line 1 column 83 (char 82)
Extra data: line 1 column 82 (char 81)
Extra data: line 1 column 82 (char 81)
Extra data: line 1 column 83 (char 82)
Extra data: line 1 column 82 (char 81)
Extra data: line 1 column 82 (char 81)
Extra data: line 1 column 81 (char 80)
Extra data: line 1 column 82 (char 81)
Extra data: line 1 column 83 (char 82)
Extra data: line 1 column 82 (char 81)
Extra data: line 1 column 82 (char 81)
Extra data: line 1 column 81 (char 80)
Extra data: line 1 column 83 (char 82)
Extra data: line 1 column 84 (char 83)
Extra data: line 1 column 83 (char 82)
Extra data: line 1 column 82 (char 81)
Extra data: line 1 column 83 (char 82)
Extra data: line 1 column 82 (char 81)
Extra data: line 1 column 84 (char 83)
Extra data: line 1 column 83 (char 82)
Extra data: line 1 column 81 (char 80)
Extra data: line 1 column 83 (char 82)
Extra data: line 1 column 82 (char 81)
Extra data: line 1 column 83 (char 82)
Extra data: line 1 column 81 (char 80)
Extra data: line 1 column 81 (char 80)
Extra data: line 1 column 82 (char 81)
Extra data: line 1 column 82 (char 81)
Extra data: line 1 column 82 (char 81)
Extra data: line 1 column 82 (char 81)
Extra data: line 1 column 82 (char 81)
Extra data: line 1 column 81 (char 80)
Extra data: line 1 column 82 (char 81)
Extra data: line 1 column 83 (char 82)
Extra data: line 1 column 82 (char 81)
Extra data: line 1 column 83 (char 82)
Extra data: line 1 column 80 (char 79)
Extra data: line 1 column 83 (char 82)
Extra data: line 1 column 83 (char 82)
Extra data: line 1 column 83 (char 82)
Extra data: line 1 column 84 (char 83)
Extra data: line 1 column 83 (char 82)
Extra data: line 1 column 84 (char 83)
Extra data: line 1 column 83 (char 82)
Extra data: line 1 column 82 (char 81)
Extra data: line 1 column 82 (char 81)
Extra data: line 1 column 83 (char 82)
Extra data: line 1 column 83 (char 82)
Extra data: line 1 column 84 (char 83)
Extra data: line 1 column 84 (char 83)
Extra data: line 1 column 81 (char 80)
Extra data: line 1 column 81 (char 80)
Extra data: line 1 column 82 (char 81)
Extra data: line 1 column 82 (char 81)
Extra data: line 1 column 82 (char 81)
Extra data: line 1 column 82 (char 81)
Extra data: line 1 column 81 (char 80)
Extra data: line 1 column 83 (char 82)
Extra data: line 1 column 83 (char 82)
Extra data: line 1 column 82 (char 81)
Extra data: line 1 column 82 (char 81)
Extra data: line 1 column 83 (char 82)
Extra data: line 1 column 82 (char 81)
Extra data: line 1 column 82 (char 81)
chat
Extra data: line 1 column 83 (char 82)
Extra data: line 1 column 83 (char 82)
Extra data: line 1 column 82 (char 81)
Extra data: line 1 column 82 (char 81)
Extra data: line 1 column 82 (char 81)
Extra data: line 1 column 80 (char 79)
Extra data: line 1 column 82 (char 81)
Extra data: line 1 column 83 (char 82)
Extra data: line 1 column 82 (char 81)
Extra data: line 1 column 81 (char 80)
Extra data: line 1 column 83 (char 82)
Extra data: line 1 column 82 (char 81)
Extra data: line 1 column 82 (char 81)
user has closed |  37.215.10.91:11627
connection
Expecting property name enclosed in double quotes: line 1 column 2 (char 1)
Extra data: line 1 column 82 (char 81)
Extra data: line 1 column 82 (char 81)
Extra data: line 1 column 81 (char 80)
Extra data: line 1 column 81 (char 80)
Extra data: line 1 column 80 (char 79)
Extra data: line 1 column 80 (char 79)
Extra data: line 1 column 82 (char 81)
Extra data: line 1 column 82 (char 81)
Extra data: line 1 column 82 (char 81)
Extra data: line 1 column 82 (char 81)
Extra data: line 1 column 82 (char 81)
Extra data: line 1 column 81 (char 80)
Extra data: line 1 column 83 (char 82)
Extra data: line 1 column 82 (char 81)
Extra data: line 1 column 82 (char 81)
Extra data: line 1 column 83 (char 82)
Extra data: line 1 column 83 (char 82)
Extra data: line 1 column 82 (char 81)
Extra data: line 1 column 82 (char 81)
Extra data: line 1 column 82 (char 81)
Extra data: line 1 column 82 (char 81)
Extra data: line 1 column 81 (char 80)
Extra data: line 1 column 82 (char 81)
Extra data: line 1 column 82 (char 81)
Extra data: line 1 column 81 (char 80)
Extra data: line 1 column 83 (char 82)
Extra data: line 1 column 82 (char 81)
Extra data: line 1 column 83 (char 82)
Extra data: line 1 column 83 (char 82)
Extra data: line 1 column 82 (char 81)
Extra data: line 1 column 81 (char 80)
Extra data: line 1 column 79 (char 78)
Extra data: line 1 column 82 (char 81)
Extra data: line 1 column 83 (char 82)
Extra data: line 1 column 83 (char 82)
Extra data: line 1 column 82 (char 81)
Extra data: line 1 column 83 (char 82)
Extra data: line 1 column 82 (char 81)
Extra data: line 1 column 82 (char 81)
Extra data: line 1 column 81 (char 80)
Extra data: line 1 column 82 (char 81)
Extra data: line 1 column 82 (char 81)
Extra data: line 1 column 82 (char 81)
Extra data: line 1 column 83 (char 82)
Extra data: line 1 column 83 (char 82)
Extra data: line 1 column 82 (char 81)
Extra data: line 1 column 83 (char 82)
Extra data: line 1 column 82 (char 81)
Extra data: line 1 column 83 (char 82)
Extra data: line 1 column 83 (char 82)
Extra data: line 1 column 83 (char 82)
user has closed |  37.214.27.173:29765
Extra data: line 1 column 83 (char 82)
Extra data: line 1 column 83 (char 82)
Extra data: line 1 column 83 (char 82)
Extra data: line 1 column 82 (char 81)
Extra data: line 1 column 80 (char 79)
Extra data: line 1 column 82 (char 81)
Extra data: line 1 column 83 (char 82)
Extra data: line 1 column 83 (char 82)
Extra data: line 1 column 83 (char 82)
Extra data: line 1 column 82 (char 81)
Extra data: line 1 column 83 (char 82)
Extra data: line 1 column 80 (char 79)
Extra data: line 1 column 83 (char 82)
Extra data: line 1 column 83 (char 82)
Extra data: line 1 column 83 (char 82)
Extra data: line 1 column 82 (char 81)
Extra data: line 1 column 81 (char 80)
Extra data: line 1 column 83 (char 82)
Extra data: line 1 column 83 (char 82)
Extra data: line 1 column 83 (char 82)
Extra data: line 1 column 83 (char 82)
Extra data: line 1 column 83 (char 82)
connection
Expecting property name enclosed in double quotes: line 1 column 2 (char 1)
chat
Extra data: line 1 column 83 (char 82)
Extra data: line 1 column 82 (char 81)
Extra data: line 1 column 81 (char 80)
Extra data: line 1 column 81 (char 80)
Extra data: line 1 column 83 (char 82)
Extra data: line 1 column 82 (char 81)
Extra data: line 1 column 82 (char 81)
Extra data: line 1 column 80 (char 79)
Extra data: line 1 column 79 (char 78)
Extra data: line 1 column 80 (char 79)
Extra data: line 1 column 81 (char 80)
Extra data: line 1 column 83 (char 82)
Extra data: line 1 column 83 (char 82)
Expecting value: line 1 column 1 (char 0)
Extra data: line 1 column 82 (char 81)
Extra data: line 1 column 82 (char 81)
Extra data: line 1 column 82 (char 81)
Extra data: line 1 column 83 (char 82)
Extra data: line 1 column 82 (char 81)
Extra data: line 1 column 83 (char 82)
Extra data: line 1 column 82 (char 81)
Extra data: line 1 column 82 (char 81)
Extra data: line 1 column 82 (char 81)
Extra data: line 1 column 82 (char 81)
Extra data: line 1 column 82 (char 81)
Extra data: line 1 column 83 (char 82)
Extra data: line 1 column 83 (char 82)
Extra data: line 1 column 82 (char 81)
Extra data: line 1 column 83 (char 82)
Extra data: line 1 column 82 (char 81)
Extra data: line 1 column 82 (char 81)
Extra data: line 1 column 82 (char 81)
Extra data: line 1 column 83 (char 82)
Extra data: line 1 column 82 (char 81)
Extra data: line 1 column 81 (char 80)
Extra data: line 1 column 80 (char 79)
Extra data: line 1 column 83 (char 82)
Extra data: line 1 column 82 (char 81)
Extra data: line 1 column 82 (char 81)
Extra data: line 1 column 82 (char 81)
Extra data: line 1 column 80 (char 79)
Extra data: line 1 column 82 (char 81)
Extra data: line 1 column 82 (char 81)
Extra data: line 1 column 82 (char 81)
Extra data: line 1 column 83 (char 82)
Extra data: line 1 column 81 (char 80)
Extra data: line 1 column 81 (char 80)
Extra data: line 1 column 82 (char 81)
Extra data: line 1 column 82 (char 81)
Extra data: line 1 column 82 (char 81)
Extra data: line 1 column 82 (char 81)
Extra data: line 1 column 81 (char 80)
Extra data: line 1 column 81 (char 80)
Extra data: line 1 column 81 (char 80)
Extra data: line 1 column 82 (char 81)
Extra data: line 1 column 81 (char 80)
Extra data: line 1 column 82 (char 81)
Extra data: line 1 column 81 (char 80)
Extra data: line 1 column 82 (char 81)
Extra data: line 1 column 83 (char 82)
Extra data: line 1 column 82 (char 81)
Extra data: line 1 column 83 (char 82)
Extra data: line 1 column 80 (char 79)
Extra data: line 1 column 83 (char 82)
Extra data: line 1 column 82 (char 81)
Extra data: line 1 column 82 (char 81)
Extra data: line 1 column 82 (char 81)
Extra data: line 1 column 81 (char 80)
Extra data: line 1 column 82 (char 81)
Extra data: line 1 column 82 (char 81)
Extra data: line 1 column 83 (char 82)
Extra data: line 1 column 83 (char 82)
Extra data: line 1 column 83 (char 82)
Extra data: line 1 column 81 (char 80)
Extra data: line 1 column 83 (char 82)
Extra data: line 1 column 82 (char 81)
Extra data: line 1 column 82 (char 81)
Extra data: line 1 column 82 (char 81)
Extra data: line 1 column 83 (char 82)
Extra data: line 1 column 82 (char 81)
Extra data: line 1 column 82 (char 81)
Extra data: line 1 column 83 (char 82)
Extra data: line 1 column 81 (char 80)
Extra data: line 1 column 81 (char 80)
Extra data: line 1 column 82 (char 81)
Extra data: line 1 column 83 (char 82)
Extra data: line 1 column 81 (char 80)
Extra data: line 1 column 81 (char 80)
Extra data: line 1 column 83 (char 82)
Extra data: line 1 column 82 (char 81)
Extra data: line 1 column 83 (char 82)
Extra data: line 1 column 83 (char 82)
Extra data: line 1 column 81 (char 80)
Extra data: line 1 column 82 (char 81)
Extra data: line 1 column 83 (char 82)
Extra data: line 1 column 81 (char 80)
Extra data: line 1 column 83 (char 82)
Extra data: line 1 column 83 (char 82)
Extra data: line 1 column 83 (char 82)
Extra data: line 1 column 82 (char 81)
Extra data: line 1 column 83 (char 82)
Extra data: line 1 column 82 (char 81)
Extra data: line 1 column 81 (char 80)
Extra data: line 1 column 82 (char 81)
Extra data: line 1 column 83 (char 82)
Extra data: line 1 column 83 (char 82)
Extra data: line 1 column 82 (char 81)
Extra data: line 1 column 83 (char 82)
Extra data: line 1 column 82 (char 81)
Extra data: line 1 column 82 (char 81)
Extra data: line 1 column 83 (char 82)
Extra data: line 1 column 82 (char 81)
Extra data: line 1 column 82 (char 81)
Extra data: line 1 column 81 (char 80)
Extra data: line 1 column 82 (char 81)
Extra data: line 1 column 81 (char 80)
Extra data: line 1 column 83 (char 82)
Extra data: line 1 column 81 (char 80)
Extra data: line 1 column 82 (char 81)
Extra data: line 1 column 82 (char 81)
Extra data: line 1 column 83 (char 82)
Extra data: line 1 column 83 (char 82)
Extra data: line 1 column 83 (char 82)
Extra data: line 1 column 83 (char 82)
Extra data: line 1 column 83 (char 82)
Extra data: line 1 column 83 (char 82)
Extra data: line 1 column 83 (char 82)
Extra data: line 1 column 83 (char 82)
Extra data: line 1 column 81 (char 80)
Extra data: line 1 column 83 (char 82)
Extra data: line 1 column 82 (char 81)
Extra data: line 1 column 81 (char 80)
Extra data: line 1 column 82 (char 81)
Extra data: line 1 column 82 (char 81)
Extra data: line 1 column 82 (char 81)
Extra data: line 1 column 82 (char 81)
Extra data: line 1 column 81 (char 80)
Extra data: line 1 column 83 (char 82)
Extra data: line 1 column 83 (char 82)
Extra data: line 1 column 81 (char 80)
Extra data: line 1 column 82 (char 81)
Extra data: line 1 column 83 (char 82)
Extra data: line 1 column 84 (char 83)
Extra data: line 1 column 82 (char 81)
Extra data: line 1 column 81 (char 80)
Extra data: line 1 column 81 (char 80)
Extra data: line 1 column 82 (char 81)
Extra data: line 1 column 81 (char 80)
Extra data: line 1 column 82 (char 81)
Extra data: line 1 column 82 (char 81)
Extra data: line 1 column 81 (char 80)
Extra data: line 1 column 82 (char 81)
Extra data: line 1 column 83 (char 82)
Extra data: line 1 column 83 (char 82)
Extra data: line 1 column 83 (char 82)
Extra data: line 1 column 82 (char 81)
Extra data: line 1 column 82 (char 81)
Extra data: line 1 column 82 (char 81)
Extra data: line 1 column 83 (char 82)
Extra data: line 1 column 82 (char 81)
Extra data: line 1 column 81 (char 80)
Extra data: line 1 column 82 (char 81)
Extra data: line 1 column 81 (char 80)
Extra data: line 1 column 82 (char 81)
Extra data: line 1 column 82 (char 81)
Extra data: line 1 column 82 (char 81)
Extra data: line 1 column 82 (char 81)
Extra data: line 1 column 82 (char 81)
Extra data: line 1 column 81 (char 80)
Extra data: line 1 column 82 (char 81)
Extra data: line 1 column 82 (char 81)
Extra data: line 1 column 82 (char 81)
Extra data: line 1 column 83 (char 82)
Extra data: line 1 column 83 (char 82)
Extra data: line 1 column 83 (char 82)
Extra data: line 1 column 83 (char 82)
Extra data: line 1 column 83 (char 82)
Extra data: line 1 column 83 (char 82)
Extra data: line 1 column 81 (char 80)
Extra data: line 1 column 83 (char 82)
Extra data: line 1 column 83 (char 82)
Extra data: line 1 column 83 (char 82)
Extra data: line 1 column 80 (char 79)
Extra data: line 1 column 83 (char 82)
Extra data: line 1 column 83 (char 82)
Extra data: line 1 column 82 (char 81)
Extra data: line 1 column 83 (char 82)
Extra data: line 1 column 82 (char 81)
Extra data: line 1 column 82 (char 81)
Extra data: line 1 column 82 (char 81)
Extra data: line 1 column 82 (char 81)
Extra data: line 1 column 82 (char 81)
Extra data: line 1 column 82 (char 81)
Extra data: line 1 column 83 (char 82)
Extra data: line 1 column 82 (char 81)
Extra data: line 1 column 83 (char 82)
Extra data: line 1 column 83 (char 82)
Extra data: line 1 column 82 (char 81)
Extra data: line 1 column 82 (char 81)
Extra data: line 1 column 82 (char 81)
Extra data: line 1 column 83 (char 82)
Extra data: line 1 column 83 (char 82)
Extra data: line 1 column 82 (char 81)
Extra data: line 1 column 82 (char 81)
Extra data: line 1 column 82 (char 81)
Extra data: line 1 column 82 (char 81)
Extra data: line 1 column 82 (char 81)
Extra data: line 1 column 81 (char 80)
Extra data: line 1 column 81 (char 80)
chat
guess
Pirate
Extra data: line 1 column 82 (char 81)
Extra data: line 1 column 82 (char 81)
Extra data: line 1 column 83 (char 82)
Extra data: line 1 column 76 (char 75)
Extra data: line 1 column 75 (char 74)
Extra data: line 1 column 75 (char 74)
user has closed |  37.215.10.91:4276
connection
Expecting property name enclosed in double quotes: line 1 column 2 (char 1)
chat
user has closed |  37.215.10.91:46454
connection
Expecting property name enclosed in double quotes: line 1 column 2 (char 1)